   1              		.code	16
   2              		.file	"main.c"
  10              	.Ltext0:
  11              		.section	.text.main,"ax",%progbits
  12              		.align	2
  13              		.global	main
  14              		.code 16
  15              		.thumb_func
  17              	main:
  18              	.LFB2:
  19              		.file 1 "main.c"
   1:main.c        **** 
   2:main.c        **** #include "LPC23xx.h"
   3:main.c        **** int  main ()
   4:main.c        **** {
  20              		.loc 1 4 0
  21 0000 00B5     		push	{lr}
  22              	.LCFI0:
  23 0002 E4B0     		sub	sp, sp, #400
  24              	.LCFI1:
   5:main.c        **** 	unsigned int i,x=0;
   6:main.c        **** 	//http://www.daycounter.com/Calculators/Sine-Generator-Calculator.phtml
   7:main.c        **** int value[100]={512,
   8:main.c        **** 544,
   9:main.c        **** 576,
  10:main.c        **** 607,
  11:main.c        **** 639,
  12:main.c        **** 670,
  13:main.c        **** 700,
  14:main.c        **** 729,
  15:main.c        **** 758,
  16:main.c        **** 786,
  17:main.c        **** 812,
  18:main.c        **** 838,
  19:main.c        **** 862,
  20:main.c        **** 884,
  21:main.c        **** 906,
  22:main.c        **** 925,
  23:main.c        **** 943,
  24:main.c        **** 960,
  25:main.c        **** 974,
  26:main.c        **** 987,
  27:main.c        **** 998,
  28:main.c        **** 1007,
  29:main.c        **** 1014,
  30:main.c        **** 1019,
  31:main.c        **** 1022,
  32:main.c        **** 1023,
  33:main.c        **** 1022,
  34:main.c        **** 1019,
  35:main.c        **** 1014,
  36:main.c        **** 1007,
  37:main.c        **** 998,
  38:main.c        **** 987,
  39:main.c        **** 974,
  40:main.c        **** 960,
  41:main.c        **** 943,
  42:main.c        **** 925,
  43:main.c        **** 906,
  44:main.c        **** 884,
  45:main.c        **** 862,
  46:main.c        **** 838,
  47:main.c        **** 812,
  48:main.c        **** 786,
  49:main.c        **** 758,
  50:main.c        **** 729,
  51:main.c        **** 700,
  52:main.c        **** 670,
  53:main.c        **** 639,
  54:main.c        **** 607,
  55:main.c        **** 576,
  56:main.c        **** 544,
  57:main.c        **** 512,
  58:main.c        **** 479,
  59:main.c        **** 447,
  60:main.c        **** 416,
  61:main.c        **** 384,
  62:main.c        **** 353,
  63:main.c        **** 323,
  64:main.c        **** 294,
  65:main.c        **** 265,
  66:main.c        **** 237,
  67:main.c        **** 211,
  68:main.c        **** 185,
  69:main.c        **** 161,
  70:main.c        **** 139,
  71:main.c        **** 117,
  72:main.c        **** 98,
  73:main.c        **** 80,
  74:main.c        **** 63,
  75:main.c        **** 49,
  76:main.c        **** 36,
  77:main.c        **** 25,
  78:main.c        **** 16,
  79:main.c        **** 9,
  80:main.c        **** 4,
  81:main.c        **** 1,
  82:main.c        **** 0,
  83:main.c        **** 1,
  84:main.c        **** 4,
  85:main.c        **** 9,
  86:main.c        **** 16,
  87:main.c        **** 25,
  88:main.c        **** 36,
  89:main.c        **** 49,
  90:main.c        **** 63,
  91:main.c        **** 80,
  92:main.c        **** 98,
  93:main.c        **** 117,
  94:main.c        **** 139,
  95:main.c        **** 161,
  96:main.c        **** 185,
  97:main.c        **** 211,
  98:main.c        **** 237,
  99:main.c        **** 265,
 100:main.c        **** 294,
 101:main.c        **** 323,
 102:main.c        **** 353,
 103:main.c        **** 384,
 104:main.c        **** 416,
 105:main.c        **** 447,
 106:main.c        **** 479};
  25              		.loc 1 106 0
  26 0004 C822     		mov	r2, #200
  27 0006 5200     		lsl	r2, r2, #1
  28 0008 0E49     		ldr	r1, .L9
  29 000a 6846     		mov	r0, sp
  30 000c FFF7FEFF 		bl	memcpy
 107:main.c        **** 	init_timer( ((72000000/100) - 1) );
  31              		.loc 1 107 0
  32 0010 0D48     		ldr	r0, .L9+4
  33 0012 FFF7FEFF 		bl	init_timer
 108:main.c        **** 
 109:main.c        **** 	PINSEL1 = 0x00200000; 		//Pinselection for uart tx and rx lines
  34              		.loc 1 109 0
  35 0016 0D4A     		ldr	r2, .L9+8
  36 0018 8023     		mov	r3, #128
  37 001a 9B03     		lsl	r3, r3, #14
  38 001c 1360     		str	r3, [r2]
 110:main.c        **** 	
 111:main.c        **** 	/************** Uart initialization **********************************/
 112:main.c        ****     PCLKSEL0 = 0x00C00000;
  39              		.loc 1 112 0
  40 001e 0C4A     		ldr	r2, .L9+12
  41 0020 C023     		mov	r3, #192
  42 0022 1B04     		lsl	r3, r3, #16
  43 0024 1360     		str	r3, [r2]
 113:main.c        ****     PINMODE1=0x00300000;
  44              		.loc 1 113 0
  45 0026 C023     		mov	r3, #192
  46 0028 0A4A     		ldr	r2, .L9+16
  47 002a 9B03     		lsl	r3, r3, #14
  48 002c 1360     		str	r3, [r2]
  49              	.LVL0:
  50              	.L8:
  51 002e 0021     		mov	r1, #0
  52              	.L7:
 114:main.c        **** 
 115:main.c        ****   while(1) 
 116:main.c        **** 	{
 117:main.c        **** 		for(i=0;i<100;i++){
 118:main.c        **** 		x=value[i];
 119:main.c        **** 		DACR=x<<6; }
  53              		.loc 1 119 0
  54 0030 8A00     		lsl	r2, r1, #2
  55 0032 6B46     		mov	r3, sp
  56 0034 D358     		ldr	r3, [r2, r3]
  57 0036 084A     		ldr	r2, .L9+20
  58 0038 9B01     		lsl	r3, r3, #6
  59              		.loc 1 117 0
  60 003a 0131     		add	r1, r1, #1
  61              		.loc 1 119 0
  62 003c 1360     		str	r3, [r2]
  63              		.loc 1 117 0
  64 003e 6329     		cmp	r1, #99
  65 0040 F6D9     		bls	.L7
  66 0042 F4E7     		b	.L8
  67              	.L10:
  68              		.align	2
  69              	.L9:
  70 0044 00000000 		.word	C.0.1470
  71 0048 7FFC0A00 		.word	719999
  72 004c 04C002E0 		.word	-536690684
  73 0050 A8C11FE0 		.word	-534789720
  74 0054 44C002E0 		.word	-536690620
  75 0058 00C006E0 		.word	-536428544
  76              	.LFE2:
  78              		.section	.rodata.C.0.1470,"a",%progbits
  79              		.align	2
  82              	C.0.1470:
  83 0000 00020000 		.word	512
  84 0004 20020000 		.word	544
  85 0008 40020000 		.word	576
  86 000c 5F020000 		.word	607
  87 0010 7F020000 		.word	639
  88 0014 9E020000 		.word	670
  89 0018 BC020000 		.word	700
  90 001c D9020000 		.word	729
  91 0020 F6020000 		.word	758
  92 0024 12030000 		.word	786
  93 0028 2C030000 		.word	812
  94 002c 46030000 		.word	838
  95 0030 5E030000 		.word	862
  96 0034 74030000 		.word	884
  97 0038 8A030000 		.word	906
  98 003c 9D030000 		.word	925
  99 0040 AF030000 		.word	943
 100 0044 C0030000 		.word	960
 101 0048 CE030000 		.word	974
 102 004c DB030000 		.word	987
 103 0050 E6030000 		.word	998
 104 0054 EF030000 		.word	1007
 105 0058 F6030000 		.word	1014
 106 005c FB030000 		.word	1019
 107 0060 FE030000 		.word	1022
 108 0064 FF030000 		.word	1023
 109 0068 FE030000 		.word	1022
 110 006c FB030000 		.word	1019
 111 0070 F6030000 		.word	1014
 112 0074 EF030000 		.word	1007
 113 0078 E6030000 		.word	998
 114 007c DB030000 		.word	987
 115 0080 CE030000 		.word	974
 116 0084 C0030000 		.word	960
 117 0088 AF030000 		.word	943
 118 008c 9D030000 		.word	925
 119 0090 8A030000 		.word	906
 120 0094 74030000 		.word	884
 121 0098 5E030000 		.word	862
 122 009c 46030000 		.word	838
 123 00a0 2C030000 		.word	812
 124 00a4 12030000 		.word	786
 125 00a8 F6020000 		.word	758
 126 00ac D9020000 		.word	729
 127 00b0 BC020000 		.word	700
 128 00b4 9E020000 		.word	670
 129 00b8 7F020000 		.word	639
 130 00bc 5F020000 		.word	607
 131 00c0 40020000 		.word	576
 132 00c4 20020000 		.word	544
 133 00c8 00020000 		.word	512
 134 00cc DF010000 		.word	479
 135 00d0 BF010000 		.word	447
 136 00d4 A0010000 		.word	416
 137 00d8 80010000 		.word	384
 138 00dc 61010000 		.word	353
 139 00e0 43010000 		.word	323
 140 00e4 26010000 		.word	294
 141 00e8 09010000 		.word	265
 142 00ec ED000000 		.word	237
 143 00f0 D3000000 		.word	211
 144 00f4 B9000000 		.word	185
 145 00f8 A1000000 		.word	161
 146 00fc 8B000000 		.word	139
 147 0100 75000000 		.word	117
 148 0104 62000000 		.word	98
 149 0108 50000000 		.word	80
 150 010c 3F000000 		.word	63
 151 0110 31000000 		.word	49
 152 0114 24000000 		.word	36
 153 0118 19000000 		.word	25
 154 011c 10000000 		.word	16
 155 0120 09000000 		.word	9
 156 0124 04000000 		.word	4
 157 0128 01000000 		.word	1
 158 012c 00000000 		.word	0
 159 0130 01000000 		.word	1
 160 0134 04000000 		.word	4
 161 0138 09000000 		.word	9
 162 013c 10000000 		.word	16
 163 0140 19000000 		.word	25
 164 0144 24000000 		.word	36
 165 0148 31000000 		.word	49
 166 014c 3F000000 		.word	63
 167 0150 50000000 		.word	80
 168 0154 62000000 		.word	98
 169 0158 75000000 		.word	117
 170 015c 8B000000 		.word	139
 171 0160 A1000000 		.word	161
 172 0164 B9000000 		.word	185
 173 0168 D3000000 		.word	211
 174 016c ED000000 		.word	237
 175 0170 09010000 		.word	265
 176 0174 26010000 		.word	294
 177 0178 43010000 		.word	323
 178 017c 61010000 		.word	353
 179 0180 80010000 		.word	384
 180 0184 A0010000 		.word	416
 181 0188 BF010000 		.word	447
 182 018c DF010000 		.word	479
 217              	.Letext0:
DEFINED SYMBOLS
                            *ABS*:00000000 main.c
     /tmp/cc07o5ya.s:1      .text:00000000 $t
     /tmp/cc07o5ya.s:17     .text.main:00000000 main
     /tmp/cc07o5ya.s:14     .text.main:00000000 $t
     /tmp/cc07o5ya.s:70     .text.main:00000044 $d
     /tmp/cc07o5ya.s:82     .rodata.C.0.1470:00000000 C.0.1470
     /tmp/cc07o5ya.s:83     .rodata.C.0.1470:00000000 $d

UNDEFINED SYMBOLS
memcpy
init_timer
